Build started 31/07/2011 21:22:25.
Project "C:\Users\Caokzu\Package\zhockon_0.3.2\samples\server\coronae-server.vcxproj" on node 2 (build target(s)).
InitializeBuildStatus:
  Creating "coronae-server.dir\Debug\coronae-server.unsuccessfulbuild" because "AlwaysCreate" was specified.
CustomBuild:
  All outputs are up-to-date.
ClCompile:
  All outputs are up-to-date.
ManifestResourceCompile:
  All outputs are up-to-date.
Link:
  All outputs are up-to-date.
Manifest:
  All outputs are up-to-date.
FinalizeBuildStatus:
  Deleting file "coronae-server.dir\Debug\coronae-server.unsuccessfulbuild".
  Touching "coronae-server.dir\Debug\coronae-server.lastbuildstate".
Done Building Project "C:\Users\Caokzu\Package\zhockon_0.3.2\samples\server\coronae-server.vcxproj" (build target(s)).

Build succeeded.

Time Elapsed 00:00:00.12
