C:\USERS\CAOKZU\PACKAGE\ZHOCKON_0.3.2\LIBRARY\JSONRPC\CMAKEFILES\GENERATE.STAMP
C:\Users\Caokzu\Package\zhockon_0.3.2\library\jsonrpc\jsonrpc.dir\Release\cl.command.1.tlog
C:\Users\Caokzu\Package\zhockon_0.3.2\library\jsonrpc\jsonrpc.dir\Release\CL.read.1.tlog
C:\Users\Caokzu\Package\zhockon_0.3.2\library\jsonrpc\jsonrpc.dir\Release\CL.write.1.tlog
C:\Users\Caokzu\Package\zhockon_0.3.2\library\jsonrpc\jsonrpc.dir\Release\custombuild.command.1.tlog
C:\Users\Caokzu\Package\zhockon_0.3.2\library\jsonrpc\jsonrpc.dir\Release\custombuild.read.1.tlog
C:\Users\Caokzu\Package\zhockon_0.3.2\library\jsonrpc\jsonrpc.dir\Release\custombuild.write.1.tlog
C:\Users\Caokzu\Package\zhockon_0.3.2\library\jsonrpc\jsonrpc.dir\Release\jsonrpc.write.1.tlog
C:\USERS\CAOKZU\PACKAGE\ZHOCKON_0.3.2\LIBRARY\JSONRPC\JSONRPC.DIR\RELEASE\JSONRPC_CLIENT.OBJ
C:\USERS\CAOKZU\PACKAGE\ZHOCKON_0.3.2\LIBRARY\JSONRPC\JSONRPC.DIR\RELEASE\JSONRPC_HANDLER.OBJ
C:\USERS\CAOKZU\PACKAGE\ZHOCKON_0.3.2\LIBRARY\JSONRPC\JSONRPC.DIR\RELEASE\JSONRPC_SERVER.OBJ
C:\USERS\CAOKZU\PACKAGE\ZHOCKON_0.3.2\LIBRARY\JSONRPC\JSONRPC.DIR\RELEASE\JSONRPC_TCPCLIENT.OBJ
C:\USERS\CAOKZU\PACKAGE\ZHOCKON_0.3.2\LIBRARY\JSONRPC\JSONRPC.DIR\RELEASE\JSONRPC_TCPSERVER.OBJ
C:\USERS\CAOKZU\PACKAGE\ZHOCKON_0.3.2\LIBRARY\JSONRPC\JSONRPC.DIR\RELEASE\JSONRPC_UDPCLIENT.OBJ
C:\USERS\CAOKZU\PACKAGE\ZHOCKON_0.3.2\LIBRARY\JSONRPC\JSONRPC.DIR\RELEASE\JSONRPC_UDPSERVER.OBJ
C:\Users\Caokzu\Package\zhockon_0.3.2\library\jsonrpc\jsonrpc.dir\Release\lib.command.1.tlog
C:\Users\Caokzu\Package\zhockon_0.3.2\library\jsonrpc\jsonrpc.dir\Release\Lib-link.read.1.tlog
C:\Users\Caokzu\Package\zhockon_0.3.2\library\jsonrpc\jsonrpc.dir\Release\Lib-link.write.1.tlog
C:\USERS\CAOKZU\PACKAGE\ZHOCKON_0.3.2\LIBRARY\JSONRPC\JSONRPC.DIR\RELEASE\NETSTRING.OBJ
C:\USERS\CAOKZU\PACKAGE\ZHOCKON_0.3.2\LIBRARY\JSONRPC\JSONRPC.DIR\RELEASE\NETWORKING.OBJ
C:\USERS\CAOKZU\PACKAGE\ZHOCKON_0.3.2\LIBRARY\RELEASE\JSONRPC.LIB
