C:\USERS\CAOKZU\PACKAGE\ZHOCKON_0.3.2\CORE\CMAKEFILES\GENERATE.STAMP
C:\USERS\CAOKZU\PACKAGE\ZHOCKON_0.3.2\CORE\ZHOCKON.DIR\RELEASE\AUDIO.OBJ
C:\Users\Caokzu\Package\zhockon_0.3.2\core\zhockon.dir\Release\cl.command.1.tlog
C:\Users\Caokzu\Package\zhockon_0.3.2\core\zhockon.dir\Release\CL.read.1.tlog
C:\Users\Caokzu\Package\zhockon_0.3.2\core\zhockon.dir\Release\CL.write.1.tlog
C:\Users\Caokzu\Package\zhockon_0.3.2\core\zhockon.dir\Release\custombuild.command.1.tlog
C:\Users\Caokzu\Package\zhockon_0.3.2\core\zhockon.dir\Release\custombuild.read.1.tlog
C:\Users\Caokzu\Package\zhockon_0.3.2\core\zhockon.dir\Release\custombuild.write.1.tlog
C:\USERS\CAOKZU\PACKAGE\ZHOCKON_0.3.2\CORE\ZHOCKON.DIR\RELEASE\ELEMENTS.OBJ
C:\USERS\CAOKZU\PACKAGE\ZHOCKON_0.3.2\CORE\ZHOCKON.DIR\RELEASE\GRAPHICS.OBJ
C:\Users\Caokzu\Package\zhockon_0.3.2\core\zhockon.dir\Release\lib.command.1.tlog
C:\Users\Caokzu\Package\zhockon_0.3.2\core\zhockon.dir\Release\Lib-link.read.1.tlog
C:\Users\Caokzu\Package\zhockon_0.3.2\core\zhockon.dir\Release\Lib-link.write.1.tlog
C:\USERS\CAOKZU\PACKAGE\ZHOCKON_0.3.2\CORE\ZHOCKON.DIR\RELEASE\PHYSICS.OBJ
C:\USERS\CAOKZU\PACKAGE\ZHOCKON_0.3.2\CORE\ZHOCKON.DIR\RELEASE\PLATFORM.OBJ
C:\USERS\CAOKZU\PACKAGE\ZHOCKON_0.3.2\CORE\ZHOCKON.DIR\RELEASE\PLAYER.OBJ
C:\USERS\CAOKZU\PACKAGE\ZHOCKON_0.3.2\CORE\ZHOCKON.DIR\RELEASE\STRUCTURE.OBJ
C:\USERS\CAOKZU\PACKAGE\ZHOCKON_0.3.2\CORE\ZHOCKON.DIR\RELEASE\ZHOCKON.OBJ
C:\Users\Caokzu\Package\zhockon_0.3.2\core\zhockon.dir\Release\zhockon.write.1.tlog
C:\USERS\CAOKZU\PACKAGE\ZHOCKON_0.3.2\LIBRARY\RELEASE\ZHOCKON.LIB
