Build started 01/08/2011 02:30:40.
Project "C:\Users\Caokzu\Package\zhockon_0.3.2\library\json\json.vcxproj" on node 2 (rebuild target(s)).
_PrepareForClean:
  Deleting file "json.dir\Release\json.lastbuildstate".
InitializeBuildStatus:
  Creating "json.dir\Release\json.unsuccessfulbuild" because "AlwaysCreate" was specified.
CustomBuild:
  Building Custom Rule C:/Users/Caokzu/Package/zhockon_0.3.2/library/json/CMakeLists.txt
  CMake does not need to re-run because C:\Users\Caokzu\Package\zhockon_0.3.2\library\json\CMakeFiles\generate.stamp is up-to-date.
ClCompile:
  c:\Program Files (x86)\Microsoft Visual Studio 10.0\VC\bin\CL.exe /c /IC:/Users/Caokzu/Package/zhockon_0.3.2/library/json/include /nologo /W3 /WX- /O2 /Ob2 /Oy- /D WIN32 /D _WINDOWS /D NDEBUG /D "CMAKE_INTDIR=\"Release\"" /D _MBCS /Gm- /EHsc /MD /GS /fp:precise /Zc:wchar_t /Zc:forScope /GR /Fo"json.dir\Release\\" /Fd"C:/Users/Caokzu/Package/zhockon_0.3.2/library/Release/json.pdb" /Gd /TP /analyze- /errorReport:prompt C:\Users\Caokzu\Package\zhockon_0.3.2\library\json\src\json_reader.cpp C:\Users\Caokzu\Package\zhockon_0.3.2\library\json\src\json_value.cpp C:\Users\Caokzu\Package\zhockon_0.3.2\library\json\src\json_writer.cpp  /Zm1000 -static 
cl : Command line warning D9002: ignoring unknown option '-static'
  json_reader.cpp
  json_value.cpp
  json_writer.cpp
  Generating Code...
Lib:
  c:\Program Files (x86)\Microsoft Visual Studio 10.0\VC\bin\Lib.exe /OUT:"C:\Users\Caokzu\Package\zhockon_0.3.2\library\Release\json.lib" /NOLOGO json.dir\Release\json_reader.obj
  json.dir\Release\json_value.obj
  json.dir\Release\json_writer.obj
  json.vcxproj -> C:\Users\Caokzu\Package\zhockon_0.3.2\library\Release\json.lib
FinalizeBuildStatus:
  Deleting file "json.dir\Release\json.unsuccessfulbuild".
  Touching "json.dir\Release\json.lastbuildstate".
Done Building Project "C:\Users\Caokzu\Package\zhockon_0.3.2\library\json\json.vcxproj" (rebuild target(s)).

Build succeeded.

Time Elapsed 00:00:04.39
