Build started 01/08/2011 02:31:05.
Project "C:\Users\Caokzu\Package\zhockon_0.3.2\coronae\coronae.vcxproj" on node 2 (rebuild target(s)).
_PrepareForClean:
  Deleting file "coronae.dir\Release\coronae.lastbuildstate".
InitializeBuildStatus:
  Creating "coronae.dir\Release\coronae.unsuccessfulbuild" because "AlwaysCreate" was specified.
CustomBuild:
  Building Custom Rule C:/Users/Caokzu/Package/zhockon_0.3.2/coronae/CMakeLists.txt
  CMake does not need to re-run because C:\Users\Caokzu\Package\zhockon_0.3.2\coronae\CMakeFiles\generate.stamp is up-to-date.
ClCompile:
  c:\Program Files (x86)\Microsoft Visual Studio 10.0\VC\bin\CL.exe /c /IC:/Users/Caokzu/Package/zhockon_0.3.2/library/SDL/include /IC:/Users/Caokzu/Package/zhockon_0.3.2/library/OpenAL/include /IC:/Users/Caokzu/Package/zhockon_0.3.2/library/OpenAL/include/AL /IC:/Users/Caokzu/Package/zhockon_0.3.2/library/OpenGL/include /IC:/Users/Caokzu/Package/zhockon_0.3.2/library/pthreads/include /IC:/Python27/include /IC:/Users/Caokzu/Package/zhockon_0.3.2/library/json/include /IC:/Users/Caokzu/Package/zhockon_0.3.2/library/jsonrpc/include /IC:/Users/Caokzu/Package/zhockon_0.3.2/include /nologo /W3 /WX- /O2 /Ob2 /Oy- /D WIN32 /D _WINDOWS /D NDEBUG /D "CMAKE_INTDIR=\"Release\"" /D _MBCS /Gm- /EHsc /MD /GS /fp:precise /Zc:wchar_t /Zc:forScope /GR /Fo"coronae.dir\Release\\" /Fd"C:/Users/Caokzu/Package/zhockon_0.3.2/library/Release/coronae.pdb" /Gd /TP /analyze- /errorReport:prompt C:\Users\Caokzu\Package\zhockon_0.3.2\coronae\coronae.cc  /Zm1000 -w 
cl : Command line warning D9025: overriding '/W3' with '/w'
  coronae.cc
Lib:
  c:\Program Files (x86)\Microsoft Visual Studio 10.0\VC\bin\Lib.exe /OUT:"C:\Users\Caokzu\Package\zhockon_0.3.2\library\Release\coronae.lib" /NOLOGO coronae.dir\Release\coronae.obj
  coronae.vcxproj -> C:\Users\Caokzu\Package\zhockon_0.3.2\library\Release\coronae.lib
FinalizeBuildStatus:
  Deleting file "coronae.dir\Release\coronae.unsuccessfulbuild".
  Touching "coronae.dir\Release\coronae.lastbuildstate".
Done Building Project "C:\Users\Caokzu\Package\zhockon_0.3.2\coronae\coronae.vcxproj" (rebuild target(s)).

Build succeeded.

Time Elapsed 00:00:01.15
