Build started 01/08/2011 02:30:40.
Project "C:\Users\Caokzu\Package\zhockon_0.3.2\ZERO_CHECK.vcxproj" on node 2 (rebuild target(s)).
_PrepareForClean:
  Deleting file "Win32\Release\ZERO_CHECK\ZERO_CHECK.lastbuildstate".
InitializeBuildStatus:
  Creating "Win32\Release\ZERO_CHECK\ZERO_CHECK.unsuccessfulbuild" because "AlwaysCreate" was specified.
CustomBuild:
  Checking Build System
  CMake does not need to re-run because C:/Users/Caokzu/Package/zhockon_0.3.2/CMakeFiles/generate.stamp is up-to-date.
  CMake does not need to re-run because C:/Users/Caokzu/Package/zhockon_0.3.2/library/json/CMakeFiles/generate.stamp is up-to-date.
  CMake does not need to re-run because C:/Users/Caokzu/Package/zhockon_0.3.2/library/jsonrpc/CMakeFiles/generate.stamp is up-to-date.
  CMake does not need to re-run because C:/Users/Caokzu/Package/zhockon_0.3.2/core/CMakeFiles/generate.stamp is up-to-date.
  CMake does not need to re-run because C:/Users/Caokzu/Package/zhockon_0.3.2/coronae/CMakeFiles/generate.stamp is up-to-date.
  CMake does not need to re-run because C:/Users/Caokzu/Package/zhockon_0.3.2/samples/server/CMakeFiles/generate.stamp is up-to-date.
  CMake does not need to re-run because C:/Users/Caokzu/Package/zhockon_0.3.2/samples/allegro/CMakeFiles/generate.stamp is up-to-date.
  CMake does not need to re-run because C:/Users/Caokzu/Package/zhockon_0.3.2/samples/helloworld/CMakeFiles/generate.stamp is up-to-date.
  CMake does not need to re-run because C:/Users/Caokzu/Package/zhockon_0.3.2/samples/pyramid/CMakeFiles/generate.stamp is up-to-date.
FinalizeBuildStatus:
  Deleting file "Win32\Release\ZERO_CHECK\ZERO_CHECK.unsuccessfulbuild".
  Touching "Win32\Release\ZERO_CHECK\ZERO_CHECK.lastbuildstate".
Done Building Project "C:\Users\Caokzu\Package\zhockon_0.3.2\ZERO_CHECK.vcxproj" (rebuild target(s)).

Build succeeded.

Time Elapsed 00:00:00.17
